<?xml version="1.0" encoding="UTF-8"?>
<!-- Generated by org.testng.reporters.JUnitReportReporter -->
<testsuite skipped="0" hostname="LAPTOP-L45CF4AI" name="Guru99.Guru99.Guru" tests="1" failures="0" timestamp="14 Mar 2018 06:36:57 GMT" time="9.112" errors="0">
  <testcase name="VerifyMobileSorting" time="9.112" classname="Guru99.Guru99.Guru"/>
</testsuite> <!-- Guru99.Guru99.Guru -->
