<?xml version="1.0" encoding="UTF-8"?>
<!-- Generated by org.testng.reporters.JUnitReportReporter -->
<testsuite skipped="0" hostname="LAPTOP-L45CF4AI" name="Guru99.Guru99.Guruclass" tests="1" failures="0" timestamp="23 Feb 2018 04:29:55 GMT" time="0.004" errors="0">
  <testcase name="f" time="0.004" classname="Guru99.Guru99.Guruclass"/>
</testsuite> <!-- Guru99.Guru99.Guruclass -->
