<?xml version="1.0" encoding="UTF-8"?>
<!-- Generated by org.testng.reporters.JUnitReportReporter -->
<testsuite skipped="0" hostname="LAPTOP-L45CF4AI" name="Guru99.Guru99.Cart" tests="1" failures="0" timestamp="14 Mar 2018 10:24:35 GMT" time="6.195" errors="0">
  <testcase name="VerifyCartPage" time="6.195" classname="Guru99.Guru99.Cart"/>
</testsuite> <!-- Guru99.Guru99.Cart -->
