<?xml version="1.0" encoding="UTF-8"?>
<!-- Generated by org.testng.reporters.JUnitReportReporter -->
<testsuite skipped="0" hostname="LAPTOP-L45CF4AI" name="Guru99.Guru99.Product_Listing" tests="1" failures="0" timestamp="06 Mar 2018 04:57:17 GMT" time="5.204" errors="0">
  <testcase name="f" time="5.204" classname="Guru99.Guru99.Product_Listing"/>
</testsuite> <!-- Guru99.Guru99.Product_Listing -->
