<?xml version="1.0" encoding="UTF-8"?>
<!-- Generated by org.testng.reporters.JUnitReportReporter -->
<testsuite skipped="0" hostname="LAPTOP-L45CF4AI" name="Guru99.Guru99.Account_Creation" tests="1" failures="0" timestamp="15 Mar 2018 16:38:28 GMT" time="3.548" errors="0">
  <testcase name="VerifyAccount" time="3.548" classname="Guru99.Guru99.Account_Creation"/>
</testsuite> <!-- Guru99.Guru99.Account_Creation -->
