<?xml version="1.0" encoding="UTF-8"?>
<!-- Generated by org.testng.reporters.JUnitReportReporter -->
<testsuite skipped="0" hostname="LAPTOP-L45CF4AI" name="Guru99.Guru99.Reorder" tests="1" failures="0" timestamp="09 May 2018 11:04:30 GMT" time="0.002" errors="0">
  <testcase name="VerifyReorder" time="0.002" classname="Guru99.Guru99.Reorder"/>
</testsuite> <!-- Guru99.Guru99.Reorder -->
