<?xml version="1.0" encoding="UTF-8"?>
<!-- Generated by org.testng.reporters.JUnitReportReporter -->
<testsuite skipped="0" hostname="LAPTOP-L45CF4AI" name="Guru99.Guru99.Product_Listing" tests="1" failures="0" timestamp="17 Mar 2018 05:16:50 GMT" time="41.301" errors="0">
  <testcase name="VerifyProductListing" time="41.301" classname="Guru99.Guru99.Product_Listing"/>
</testsuite> <!-- Guru99.Guru99.Product_Listing -->
