<?xml version="1.0" encoding="UTF-8"?>
<!-- Generated by org.testng.reporters.JUnitReportReporter -->
<testsuite skipped="0" hostname="LAPTOP-L45CF4AI" name="Guru99.Guru99.Product_Listing" tests="1" failures="0" timestamp="15 Mar 2018 16:12:47 GMT" time="3.580" errors="0">
  <testcase name="VerifyProductListing" time="3.580" classname="Guru99.Guru99.Product_Listing"/>
</testsuite> <!-- Guru99.Guru99.Product_Listing -->
