<?xml version="1.0" encoding="UTF-8"?>
<!-- Generated by org.testng.reporters.JUnitReportReporter -->
<testsuite skipped="0" hostname="LAPTOP-L45CF4AI" name="Guru99.Guru99.PDF_orders" tests="1" failures="0" timestamp="02 Apr 2018 06:56:26 GMT" time="5.622" errors="0">
  <testcase name="VerifyOrderasPDF" time="5.622" classname="Guru99.Guru99.PDF_orders"/>
</testsuite> <!-- Guru99.Guru99.PDF_orders -->
